<?xml version="1.0" encoding="UTF-8"?>
<!-- Generated by org.testng.reporters.JUnitXMLReporter -->
<testsuite ignored="0" hostname="DESKTOP-85PDU80" failures="0" tests="3" name="Default test" time="21.433" errors="0" timestamp="2023-05-16T11:06:32 IST">
  <testcase classname="Demo.TrelloAPI" name="CreateABoard" time="17.824"/>
  <testcase classname="Demo.TrelloAPI" name="UpdateABoard" time="1.328"/>
  <testcase classname="Demo.TrelloAPI" name="DeleteABoard" time="1.909"/>
</testsuite> <!-- Default test -->
